1666559460616	geckodriver	INFO	Listening on 127.0.0.1:53722
1666559463922	mozrunner::runner	INFO	Running command: "C:\\Program Files\\Mozilla Firefox\\firefox.exe" "--marionette" "--remote-debugging-port" "53723" "--remote-allow-hosts" "localhost" "-no-remote" "-profile" "C:\\Users\\amina\\AppData\\Local\\Temp\\rust_mozprofileaGMpag"
1666559466920	Marionette	INFO	Marionette enabled
1666559466929	Marionette	INFO	Listening on port 53735
Read port: 53735
WebDriver BiDi listening on ws://127.0.0.1:53723
1666559467290	RemoteAgent	WARN	TLS certificate errors will be ignored for this session
console.warn: SearchSettings: "get: No settings file exists, new profile?" (new NotFoundError("Could not open the file at C:\\Users\\amina\\AppData\\Local\\Temp\\rust_mozprofileaGMpag\\search.json.mozlz4", (void 0)))
DevTools listening on ws://127.0.0.1:53723/devtools/browser/6c531745-4763-4a52-ba78-b5043eb32e71
1666559476877	Marionette	INFO	Stopped listening on port 53735
[Parent 6076, IPC I/O Parent] WARNING: file /builds/worker/checkouts/gecko/ipc/chromium/src/base/process_util_win.cc:167
console.error: "Could not load engine wikipedia@search.mozilla.org: Error: Unable to arm timer, the object has been finalized."
console.error: "Could not load engine bing@search.mozilla.org: TypeError: AddonManagerInternal._getProviderByName(...) is undefined"
console.error: "Could not load engine amazon@search.mozilla.org: TypeError: AddonManagerInternal._getProviderByName(...) is undefined"
console.error: "Could not load engine ddg@search.mozilla.org: TypeError: AddonManagerInternal._getProviderByName(...) is undefined"
console.error: "Could not load engine ebay@search.mozilla.org: TypeError: AddonManagerInternal._getProviderByName(...) is undefined"
console.error: "Could not load engine qwant@search.mozilla.org: TypeError: AddonManagerInternal._getProviderByName(...) is undefined"
console.warn: SearchService: "#init: abandoning init due to shutting down"
JavaScript error: resource://gre/modules/AsyncShutdown.jsm, line 576: uncaught exception: 2147500036
JavaScript error: resource://gre/modules/AsyncShutdown.jsm, line 576: uncaught exception: 2147500036
JavaScript error: resource://gre/modules/AsyncShutdown.jsm, line 576: uncaught exception: 2147500036
JavaScript error: resource://gre/modules/AsyncShutdown.jsm, line 576: uncaught exception: 2147500036
JavaScript error: resource://gre/modules/AsyncShutdown.jsm, line 576: uncaught exception: 2147500036
JavaScript error: resource://gre/modules/AsyncShutdown.jsm, line 576: uncaught exception: 2147500036
JavaScript error: resource://gre/modules/AsyncShutdown.jsm, line 576: uncaught exception: 2147500036
JavaScript error: resource://gre/modules/AsyncShutdown.jsm, line 576: uncaught exception: 2147500036
JavaScript error: resource://gre/modules/AsyncShutdown.jsm, line 576: uncaught exception: 2147500036
[Parent 6076, IPC I/O Parent] WARNING: file /builds/worker/checkouts/gecko/ipc/chromium/src/base/process_util_win.cc:167
